<?xml version="1.0" encoding="UTF-8"?>
<!-- Generated by org.testng.reporters.JUnitReportReporter -->
<testsuite hostname="Tamilselvan-PC" failures="0" tests="10" name="org.testNG.testng7" time="15.919" errors="0" timestamp="2023-07-15T23:10:24 IST" skipped="0">
  <testcase classname="org.testNG.testng7" name="tc5" time="0.867"/>
  <system-out/>
  <testcase classname="org.testNG.testng7" name="tc6" time="1.231"/>
  <system-out/>
  <testcase classname="org.testNG.testng7" name="tc6" time="2.556"/>
  <system-out/>
  <testcase classname="org.testNG.testng7" name="tc6" time="1.313"/>
  <system-out/>
  <testcase classname="org.testNG.testng7" name="tc6" time="1.175"/>
  <system-out/>
  <testcase classname="org.testNG.testng7" name="tc5" time="0.867"/>
  <system-out/>
  <testcase classname="org.testNG.testng7" name="tc5" time="1.465"/>
  <system-out/>
  <testcase classname="org.testNG.testng7" name="tc5" time="0.878"/>
  <system-out/>
  <testcase classname="org.testNG.testng7" name="tc1" time="4.550"/>
  <system-out/>
  <testcase classname="org.testNG.testng7" name="tc6" time="1.017"/>
  <system-out/>
</testsuite> <!-- org.testNG.testng7 -->
