<?xml version="1.0" encoding="UTF-8"?>
<!-- Generated by org.testng.reporters.JUnitReportReporter -->
<testsuite hostname="Tamilselvan-PC" failures="0" tests="4" name="org.testNG.testng1" time="0.018" errors="0" timestamp="2023-07-15T20:55:32 IST" skipped="0">
  <testcase classname="org.testNG.testng1" name="tc9" time="0.003"/>
  <system-out/>
  <testcase classname="org.testNG.testng1" name="tc3" time="0.004"/>
  <system-out/>
  <testcase classname="org.testNG.testng1" name="tc2" time="0.004"/>
  <system-out/>
  <testcase classname="org.testNG.testng1" name="tc1" time="0.007"/>
  <system-out/>
</testsuite> <!-- org.testNG.testng1 -->
