<?xml version="1.0" encoding="UTF-8"?>
<!-- Generated by org.testng.reporters.JUnitReportReporter -->
<testsuite hostname="Tamilselvan-PC" failures="0" tests="3" name="org.testNG.testng11" time="20.328" errors="0" timestamp="2023-07-18T10:31:22 IST" skipped="0">
  <testcase classname="org.testNG.testng11" name="tc3" time="4.162"/>
  <system-out/>
  <testcase classname="org.testNG.testng11" name="tc1" time="4.457"/>
  <system-out/>
  <testcase classname="org.testNG.testng11" name="tc5" time="11.709"/>
  <system-out/>
</testsuite> <!-- org.testNG.testng11 -->
