<?xml version="1.0" encoding="UTF-8"?>
<!-- Generated by org.testng.reporters.JUnitReportReporter -->
<testsuite hostname="Tamilselvan-PC" failures="0" tests="7" name="org.testNG.testng3" time="25.936" errors="0" timestamp="2023-07-15T20:55:32 IST" skipped="1">
  <testcase classname="org.testNG.testng3" name="tc1" time="4.093"/>
  <system-out/>
  <testcase classname="org.testNG.testng3" name="tc3" time="3.766"/>
  <system-out/>
  <testcase classname="org.testNG.testng3" name="tc3" time="6.943"/>
  <system-out/>
  <testcase classname="org.testNG.testng3" name="tc4" time="5.395"/>
  <system-out/>
  <testcase classname="org.testNG.testng3" name="tc3" time="0.854"/>
  <system-out/>
  <testcase classname="org.testNG.testng3" name="tc5" time="4.885"/>
  <system-out/>
  <testcase classname="org.testNG.testng3" name="tc2">
    <skipped/>
  </testcase> <!-- tc2 -->
  <system-out/>
</testsuite> <!-- org.testNG.testng3 -->
