<?xml version="1.0" encoding="UTF-8"?>
<!-- Generated by org.testng.reporters.JUnitReportReporter -->
<testsuite hostname="Tamilselvan-PC" failures="0" tests="7" name="org.testNG.testng4" time="0.020" errors="0" timestamp="2023-07-18T10:31:22 IST" skipped="0">
  <testcase classname="org.testNG.testng4" name="tc4" time="0.007"/>
  <system-out/>
  <testcase classname="org.testNG.testng4" name="tc6" time="0.002"/>
  <system-out/>
  <testcase classname="org.testNG.testng4" name="tc1" time="0.001"/>
  <system-out/>
  <testcase classname="org.testNG.testng4" name="tc2" time="0.004"/>
  <system-out/>
  <testcase classname="org.testNG.testng4" name="tc5" time="0.001"/>
  <system-out/>
  <testcase classname="org.testNG.testng4" name="tc7" time="0.001"/>
  <system-out/>
  <testcase classname="org.testNG.testng4" name="tc3" time="0.004"/>
  <system-out/>
</testsuite> <!-- org.testNG.testng4 -->
