<?xml version="1.0" encoding="UTF-8"?>
<!-- Generated by org.testng.reporters.JUnitReportReporter -->
<testsuite hostname="Tamilselvan-PC" failures="0" tests="3" name="org.testNG.testng6" time="9.129" errors="0" timestamp="2023-07-15T21:22:49 IST" skipped="0">
  <testcase classname="org.testNG.testng6" name="tc5" time="1.756"/>
  <system-out/>
  <testcase classname="org.testNG.testng6" name="tc1" time="4.157"/>
  <system-out/>
  <testcase classname="org.testNG.testng6" name="tc3" time="3.216"/>
  <system-out/>
</testsuite> <!-- org.testNG.testng6 -->
