<?xml version="1.0" encoding="UTF-8"?>
<!-- Generated by org.testng.reporters.JUnitReportReporter -->
<testsuite hostname="Tamilselvan-PC" failures="0" tests="3" name="org.testNG.testng100" time="44.768" errors="0" timestamp="2023-07-17T21:42:43 IST" skipped="0">
  <testcase classname="org.testNG.testng100" name="tc3" time="19.157"/>
  <system-out/>
  <testcase classname="org.testNG.testng100" name="tc2" time="6.555"/>
  <system-out/>
  <testcase classname="org.testNG.testng100" name="tc1" time="19.056"/>
  <system-out/>
</testsuite> <!-- org.testNG.testng100 -->
